<?xml version="1.0" encoding="UTF-8" ?>
<testsuite tests="1" failures="0" name="com.globallogic.app.AppTest" time="0.009" errors="0" skipped="0">
  <properties>
    <property name="java.runtime.name" value="OpenJDK Runtime Environment"/>
    <property name="sun.boot.library.path" value="C:\GLBootCamp\app\java\jre\bin"/>
    <property name="java.vm.version" value="25.252-b14"/>
    <property name="jdk.vendor.version" value="Zulu 8.46.0.19-CA-win64"/>
    <property name="java.vm.vendor" value="Azul Systems, Inc."/>
    <property name="maven.multiModuleProjectDirectory" value="C:\GLBootCamp\repo\BootCampGL2020_IvanMolina\modulo_01\ejercicio_02\bootcampgl2020"/>
    <property name="java.vendor.url" value="http://www.azulsystems.com/"/>
    <property name="path.separator" value=";"/>
    <property name="guice.disable.misplaced.annotation.check" value="true"/>
    <property name="java.vm.name" value="OpenJDK 64-Bit Server VM"/>
    <property name="file.encoding.pkg" value="sun.io"/>
    <property name="user.script" value=""/>
    <property name="user.country" value="AR"/>
    <property name="sun.java.launcher" value="SUN_STANDARD"/>
    <property name="sun.os.patch.level" value=""/>
    <property name="java.vm.specification.name" value="Java Virtual Machine Specification"/>
    <property name="user.dir" value="C:\GLBootCamp\repo\BootCampGL2020_IvanMolina\modulo_01\ejercicio_02\bootcampgl2020"/>
    <property name="java.runtime.version" value="1.8.0_252-b14"/>
    <property name="java.awt.graphicsenv" value="sun.awt.Win32GraphicsEnvironment"/>
    <property name="java.endorsed.dirs" value="C:\GLBootCamp\app\java\jre\lib\endorsed"/>
    <property name="os.arch" value="amd64"/>
    <property name="java.io.tmpdir" value="C:\Users\ivanm\AppData\Local\Temp\"/>
    <property name="line.separator" value="
"/>
    <property name="java.vm.specification.vendor" value="Oracle Corporation"/>
    <property name="user.variant" value=""/>
    <property name="os.name" value="Windows 10"/>
    <property name="classworlds.conf" value="C:\GLBootCamp\workspace\.metadata\.plugins\org.eclipse.m2e.launching\launches\m2conf6356006987823229631.tmp"/>
    <property name="jansi.force" value="true"/>
    <property name="sun.jnu.encoding" value="Cp1252"/>
    <property name="java.library.path" value="C:\GLBootCamp\app\java\bin;C:\Windows\Sun\Java\bin;C:\Windows\system32;C:\Windows;C:/GLBootCamp/app/java/bin/../jre/bin/server;C:/GLBootCamp/app/java/bin/../jre/bin;C:/GLBootCamp/app/java/bin/../jre/lib/amd64;C:\GLBootCamp\app\java\bin;C:\GLBootCamp\app\Git\cmd;C:\GLBootCamp\app\apache-maven-3.6.3\bin;C:\GLBootCamp\app\java\bin;;C:\GLBootCamp\app\sts-4.7.0.RELEASE;;."/>
    <property name="jansi.passthrough" value="true"/>
    <property name="java.specification.name" value="Java Platform API Specification"/>
    <property name="java.class.version" value="52.0"/>
    <property name="sun.management.compiler" value="HotSpot 64-Bit Tiered Compilers"/>
    <property name="os.version" value="10.0"/>
    <property name="user.home" value="C:\Users\ivanm"/>
    <property name="user.timezone" value="America/Buenos_Aires"/>
    <property name="java.awt.printerjob" value="sun.awt.windows.WPrinterJob"/>
    <property name="java.specification.version" value="1.8"/>
    <property name="file.encoding" value="Cp1252"/>
    <property name="user.name" value="ivanm"/>
    <property name="java.class.path" value="C:\GLBootCamp\app\sts-4.7.0.RELEASE\plugins\org.eclipse.m2e.maven.runtime_1.16.0.20200610-1735\jars\plexus-classworlds-2.6.0.jar"/>
    <property name="java.vm.specification.version" value="1.8"/>
    <property name="sun.arch.data.model" value="64"/>
    <property name="java.home" value="C:\GLBootCamp\app\java\jre"/>
    <property name="sun.java.command" value="org.codehaus.plexus.classworlds.launcher.Launcher -B install -Dstyle.color=always"/>
    <property name="java.specification.vendor" value="Oracle Corporation"/>
    <property name="user.language" value="es"/>
    <property name="awt.toolkit" value="sun.awt.windows.WToolkit"/>
    <property name="java.vm.info" value="mixed mode"/>
    <property name="java.version" value="1.8.0_252"/>
    <property name="java.ext.dirs" value="C:\GLBootCamp\app\java\jre\lib\ext;C:\Windows\Sun\Java\lib\ext"/>
    <property name="sun.boot.class.path" value="C:\GLBootCamp\app\java\jre\lib\resources.jar;C:\GLBootCamp\app\java\jre\lib\rt.jar;C:\GLBootCamp\app\java\jre\lib\sunrsasign.jar;C:\GLBootCamp\app\java\jre\lib\jsse.jar;C:\GLBootCamp\app\java\jre\lib\jce.jar;C:\GLBootCamp\app\java\jre\lib\charsets.jar;C:\GLBootCamp\app\java\jre\lib\jfr.jar;C:\GLBootCamp\app\java\jre\classes"/>
    <property name="java.vendor" value="Azul Systems, Inc."/>
    <property name="maven.home" value="C:\GLBootCamp\repo\BootCampGL2020_IvanMolina\modulo_01\ejercicio_02\bootcampgl2020\EMBEDDED"/>
    <property name="style.color" value="always"/>
    <property name="file.separator" value="\"/>
    <property name="java.vendor.url.bug" value="http://www.azulsystems.com/support/"/>
    <property name="sun.cpu.endian" value="little"/>
    <property name="sun.io.unicode.encoding" value="UnicodeLittle"/>
    <property name="sun.desktop" value="windows"/>
    <property name="sun.cpu.isalist" value="amd64"/>
  </properties>
  <testcase classname="com.globallogic.app.AppTest" name="testApp" time="0.009"/>
</testsuite>